{"/Users/kazukis/Workspace/ambi/backend/src/index.ts": {"path":"/Users/kazukis/Workspace/ambi/backend/src/index.ts","statementMap":{"0":{"start":{"line":1,"column":0},"end":{"line":1,"column":53}},"1":{"start":{"line":2,"column":0},"end":{"line":2,"column":24}},"2":{"start":{"line":3,"column":0},"end":{"line":3,"column":28}},"3":{"start":{"line":4,"column":0},"end":{"line":4,"column":37}},"4":{"start":{"line":5,"column":0},"end":{"line":5,"column":62}},"5":{"start":{"line":6,"column":0},"end":{"line":6,"column":56}},"6":{"start":{"line":7,"column":0},"end":{"line":7,"column":59}},"7":{"start":{"line":8,"column":0},"end":{"line":8,"column":70}},"8":{"start":{"line":12,"column":0},"end":{"line":12,"column":16}},"9":{"start":{"line":15,"column":0},"end":{"line":15,"column":12}},"10":{"start":{"line":18,"column":0},"end":{"line":18,"column":18}},"11":{"start":{"line":19,"column":0},"end":{"line":19,"column":21}},"12":{"start":{"line":21,"column":12},"end":{"line":21,"column":21}},"13":{"start":{"line":22,"column":0},"end":{"line":22,"column":16}},"14":{"start":{"line":23,"column":0},"end":{"line":23,"column":24}},"15":{"start":{"line":37,"column":0},"end":{"line":39,"column":3}},"16":{"start":{"line":38,"column":2},"end":{"line":38,"column":29}},"17":{"start":{"line":41,"column":0},"end":{"line":65,"column":3}},"18":{"start":{"line":41,"column":68},"end":{"line":65,"column":2}},"19":{"start":{"line":42,"column":41},"end":{"line":42,"column":72}},"20":{"start":{"line":43,"column":27},"end":{"line":43,"column":106}},"21":{"start":{"line":44,"column":2},"end":{"line":44,"column":114}},"22":{"start":{"line":45,"column":18},"end":{"line":45,"column":46}},"23":{"start":{"line":46,"column":20},"end":{"line":46,"column":52}},"24":{"start":{"line":47,"column":2},"end":{"line":47,"column":55}},"25":{"start":{"line":61,"column":41},"end":{"line":63,"column":4}},"26":{"start":{"line":64,"column":2},"end":{"line":64,"column":21}},"27":{"start":{"line":72,"column":13},"end":{"line":72,"column":37}},"28":{"start":{"line":75,"column":0},"end":{"line":79,"column":1}},"29":{"start":{"line":76,"column":2},"end":{"line":78,"column":5}},"30":{"start":{"line":77,"column":4},"end":{"line":77,"column":50}},"31":{"start":{"line":81,"column":0},"end":{"line":81,"column":19}}},"fnMap":{"0":{"name":"(anonymous_8)","decl":{"start":{"line":37,"column":19},"end":{"line":37,"column":20}},"loc":{"start":{"line":37,"column":52},"end":{"line":39,"column":1}}},"1":{"name":"(anonymous_9)","decl":{"start":{"line":41,"column":30},"end":{"line":41,"column":37}},"loc":{"start":{"line":41,"column":68},"end":{"line":65,"column":2}}},"2":{"name":"(anonymous_10)","decl":{"start":{"line":41,"column":68},"end":{"line":41,"column":null}},"loc":{"start":{"line":41,"column":68},"end":{"line":65,"column":1}}},"3":{"name":"(anonymous_11)","decl":{"start":{"line":76,"column":19},"end":{"line":76,"column":22}},"loc":{"start":{"line":76,"column":24},"end":{"line":78,"column":3}}}},"branchMap":{"0":{"loc":{"start":{"line":43,"column":27},"end":{"line":43,"column":106}},"type":"binary-expr","locations":[{"start":{"line":43,"column":27},"end":{"line":43,"column":36}},{"start":{"line":43,"column":40},"end":{"line":43,"column":106}}]},"1":{"loc":{"start":{"line":44,"column":59},"end":{"line":44,"column":78}},"type":"binary-expr","locations":[{"start":{"line":44,"column":59},"end":{"line":44,"column":65}},{"start":{"line":44,"column":69},"end":{"line":44,"column":78}}]},"2":{"loc":{"start":{"line":72,"column":13},"end":{"line":72,"column":37}},"type":"binary-expr","locations":[{"start":{"line":72,"column":13},"end":{"line":72,"column":29}},{"start":{"line":72,"column":33},"end":{"line":72,"column":37}}]},"3":{"loc":{"start":{"line":75,"column":0},"end":{"line":79,"column":1}},"type":"if","locations":[{"start":{"line":75,"column":0},"end":{"line":79,"column":1}}]}},"s":{"0":1,"1":1,"2":1,"3":1,"4":1,"5":1,"6":1,"7":1,"8":1,"9":1,"10":1,"11":1,"12":1,"13":1,"14":1,"15":1,"16":0,"17":1,"18":3,"19":3,"20":3,"21":3,"22":3,"23":3,"24":2,"25":2,"26":2,"27":1,"28":1,"29":0,"30":0,"31":1},"f":{"0":0,"1":3,"2":3,"3":0},"b":{"0":[3,2],"1":[3,3],"2":[1,0],"3":[0]}}
,"/Users/kazukis/Workspace/ambi/backend/src/clients/claudeClient.ts": {"path":"/Users/kazukis/Workspace/ambi/backend/src/clients/claudeClient.ts","statementMap":{"0":{"start":{"line":1,"column":0},"end":{"line":1,"column":42}},"1":{"start":{"line":2,"column":0},"end":{"line":2,"column":28}},"2":{"start":{"line":4,"column":0},"end":{"line":4,"column":16}},"3":{"start":{"line":6,"column":15},"end":{"line":6,"column":44}},"4":{"start":{"line":8,"column":0},"end":{"line":12,"column":1}},"5":{"start":{"line":9,"column":2},"end":{"line":11,"column":4}},"6":{"start":{"line":14,"column":18},"end":{"line":18,"column":8}},"7":{"start":{"line":21,"column":33},"end":{"line":61,"column":2}},"8":{"start":{"line":24,"column":21},"end":{"line":61,"column":2}},"9":{"start":{"line":25,"column":2},"end":{"line":28,"column":3}},"10":{"start":{"line":26,"column":4},"end":{"line":26,"column":79}},"11":{"start":{"line":27,"column":4},"end":{"line":27,"column":55}},"12":{"start":{"line":30,"column":2},"end":{"line":30,"column":61}},"13":{"start":{"line":32,"column":2},"end":{"line":60,"column":3}},"14":{"start":{"line":34,"column":25},"end":{"line":34,"column":97}},"15":{"start":{"line":36,"column":16},"end":{"line":45,"column":6}},"16":{"start":{"line":49,"column":23},"end":{"line":49,"column":55}},"17":{"start":{"line":50,"column":4},"end":{"line":52,"column":5}},"18":{"start":{"line":51,"column":8},"end":{"line":51,"column":43}},"19":{"start":{"line":54,"column":4},"end":{"line":54,"column":68}},"20":{"start":{"line":55,"column":4},"end":{"line":55,"column":24}},"21":{"start":{"line":58,"column":4},"end":{"line":58,"column":68}},"22":{"start":{"line":59,"column":4},"end":{"line":59,"column":62}},"23":{"start":{"line":21,"column":13},"end":{"line":21,"column":33}}},"fnMap":{"0":{"name":"(anonymous_8)","decl":{"start":{"line":21,"column":33},"end":{"line":21,"column":null}},"loc":{"start":{"line":24,"column":21},"end":{"line":61,"column":2}}},"1":{"name":"(anonymous_9)","decl":{"start":{"line":24,"column":21},"end":{"line":24,"column":null}},"loc":{"start":{"line":24,"column":21},"end":{"line":61,"column":1}}}},"branchMap":{"0":{"loc":{"start":{"line":8,"column":0},"end":{"line":12,"column":1}},"type":"if","locations":[{"start":{"line":8,"column":0},"end":{"line":12,"column":1}}]},"1":{"loc":{"start":{"line":14,"column":18},"end":{"line":18,"column":8}},"type":"cond-expr","locations":[{"start":{"line":15,"column":4},"end":{"line":17,"column":6}},{"start":{"line":18,"column":4},"end":{"line":18,"column":8}}]},"2":{"loc":{"start":{"line":25,"column":2},"end":{"line":28,"column":3}},"type":"if","locations":[{"start":{"line":25,"column":2},"end":{"line":28,"column":3}}]},"3":{"loc":{"start":{"line":50,"column":4},"end":{"line":52,"column":5}},"type":"if","locations":[{"start":{"line":50,"column":4},"end":{"line":52,"column":5}}]},"4":{"loc":{"start":{"line":50,"column":8},"end":{"line":50,"column":79}},"type":"binary-expr","locations":[{"start":{"line":50,"column":8},"end":{"line":50,"column":19}},{"start":{"line":50,"column":23},"end":{"line":50,"column":45}},{"start":{"line":50,"column":49},"end":{"line":50,"column":79}}]}},"s":{"0":1,"1":1,"2":1,"3":1,"4":1,"5":0,"6":1,"7":1,"8":0,"9":0,"10":0,"11":0,"12":0,"13":0,"14":0,"15":0,"16":0,"17":0,"18":0,"19":0,"20":0,"21":0,"22":0,"23":1},"f":{"0":0,"1":0},"b":{"0":[0],"1":[1,0],"2":[0],"3":[0],"4":[0,0,0]}}
,"/Users/kazukis/Workspace/ambi/backend/src/clients/pineconeClient.ts": {"path":"/Users/kazukis/Workspace/ambi/backend/src/clients/pineconeClient.ts","statementMap":{"0":{"start":{"line":2,"column":0},"end":{"line":2,"column":28}},"1":{"start":{"line":4,"column":0},"end":{"line":4,"column":16}},"2":{"start":{"line":6,"column":32},"end":{"line":6,"column":36}},"3":{"start":{"line":12,"column":34},"end":{"line":33,"column":2}},"4":{"start":{"line":12,"column":45},"end":{"line":33,"column":2}},"5":{"start":{"line":13,"column":2},"end":{"line":16,"column":3}},"6":{"start":{"line":14,"column":4},"end":{"line":14,"column":63}},"7":{"start":{"line":15,"column":4},"end":{"line":15,"column":20}},"8":{"start":{"line":18,"column":17},"end":{"line":18,"column":45}},"9":{"start":{"line":21,"column":2},"end":{"line":24,"column":3}},"10":{"start":{"line":22,"column":4},"end":{"line":22,"column":110}},"11":{"start":{"line":23,"column":4},"end":{"line":23,"column":16}},"12":{"start":{"line":26,"column":2},"end":{"line":26,"column":77}},"13":{"start":{"line":32,"column":2},"end":{"line":32,"column":14}},"14":{"start":{"line":12,"column":13},"end":{"line":12,"column":34}},"15":{"start":{"line":38,"column":28},"end":{"line":46,"column":2}},"16":{"start":{"line":38,"column":51},"end":{"line":46,"column":2}},"17":{"start":{"line":39,"column":2},"end":{"line":42,"column":3}},"18":{"start":{"line":40,"column":4},"end":{"line":40,"column":68}},"19":{"start":{"line":41,"column":4},"end":{"line":41,"column":11}},"20":{"start":{"line":43,"column":2},"end":{"line":43,"column":56}},"21":{"start":{"line":45,"column":2},"end":{"line":45,"column":73}},"22":{"start":{"line":38,"column":13},"end":{"line":38,"column":28}},"23":{"start":{"line":51,"column":27},"end":{"line":59,"column":2}},"24":{"start":{"line":51,"column":50},"end":{"line":59,"column":2}},"25":{"start":{"line":52,"column":2},"end":{"line":55,"column":3}},"26":{"start":{"line":53,"column":4},"end":{"line":53,"column":67}},"27":{"start":{"line":54,"column":4},"end":{"line":54,"column":16}},"28":{"start":{"line":56,"column":2},"end":{"line":56,"column":57}},"29":{"start":{"line":58,"column":2},"end":{"line":58,"column":72}},"30":{"start":{"line":51,"column":13},"end":{"line":51,"column":27}}},"fnMap":{"0":{"name":"(anonymous_8)","decl":{"start":{"line":12,"column":34},"end":{"line":12,"column":43}},"loc":{"start":{"line":12,"column":45},"end":{"line":33,"column":2}}},"1":{"name":"(anonymous_9)","decl":{"start":{"line":12,"column":45},"end":{"line":12,"column":null}},"loc":{"start":{"line":12,"column":45},"end":{"line":33,"column":1}}},"2":{"name":"(anonymous_10)","decl":{"start":{"line":38,"column":28},"end":{"line":38,"column":35}},"loc":{"start":{"line":38,"column":51},"end":{"line":46,"column":2}}},"3":{"name":"(anonymous_11)","decl":{"start":{"line":38,"column":51},"end":{"line":38,"column":null}},"loc":{"start":{"line":38,"column":51},"end":{"line":46,"column":1}}},"4":{"name":"(anonymous_12)","decl":{"start":{"line":51,"column":27},"end":{"line":51,"column":34}},"loc":{"start":{"line":51,"column":50},"end":{"line":59,"column":2}}},"5":{"name":"(anonymous_13)","decl":{"start":{"line":51,"column":50},"end":{"line":51,"column":null}},"loc":{"start":{"line":51,"column":50},"end":{"line":59,"column":1}}}},"branchMap":{"0":{"loc":{"start":{"line":13,"column":2},"end":{"line":16,"column":3}},"type":"if","locations":[{"start":{"line":13,"column":2},"end":{"line":16,"column":3}}]},"1":{"loc":{"start":{"line":21,"column":2},"end":{"line":24,"column":3}},"type":"if","locations":[{"start":{"line":21,"column":2},"end":{"line":24,"column":3}}]},"2":{"loc":{"start":{"line":39,"column":2},"end":{"line":42,"column":3}},"type":"if","locations":[{"start":{"line":39,"column":2},"end":{"line":42,"column":3}}]},"3":{"loc":{"start":{"line":52,"column":2},"end":{"line":55,"column":3}},"type":"if","locations":[{"start":{"line":52,"column":2},"end":{"line":55,"column":3}}]}},"s":{"0":1,"1":1,"2":1,"3":1,"4":1,"5":1,"6":0,"7":0,"8":1,"9":1,"10":0,"11":0,"12":1,"13":1,"14":1,"15":1,"16":0,"17":0,"18":0,"19":0,"20":0,"21":0,"22":1,"23":1,"24":0,"25":0,"26":0,"27":0,"28":0,"29":0,"30":1},"f":{"0":1,"1":1,"2":0,"3":0,"4":0,"5":0},"b":{"0":[0],"1":[0],"2":[0],"3":[0]}}
,"/Users/kazukis/Workspace/ambi/backend/src/clients/redisClient.ts": {"path":"/Users/kazukis/Workspace/ambi/backend/src/clients/redisClient.ts","statementMap":{"0":{"start":{"line":1,"column":0},"end":{"line":1,"column":28}},"1":{"start":{"line":2,"column":0},"end":{"line":2,"column":28}},"2":{"start":{"line":4,"column":0},"end":{"line":4,"column":16}},"3":{"start":{"line":6,"column":32},"end":{"line":6,"column":36}},"4":{"start":{"line":9,"column":9},"end":{"line":9,"column":20}},"5":{"start":{"line":15,"column":31},"end":{"line":47,"column":1}},"6":{"start":{"line":16,"column":2},"end":{"line":19,"column":3}},"7":{"start":{"line":17,"column":4},"end":{"line":17,"column":53}},"8":{"start":{"line":18,"column":4},"end":{"line":18,"column":23}},"9":{"start":{"line":21,"column":19},"end":{"line":21,"column":40}},"10":{"start":{"line":23,"column":2},"end":{"line":27,"column":3}},"11":{"start":{"line":24,"column":4},"end":{"line":24,"column":117}},"12":{"start":{"line":26,"column":4},"end":{"line":26,"column":16}},"13":{"start":{"line":29,"column":2},"end":{"line":46,"column":3}},"14":{"start":{"line":30,"column":4},"end":{"line":30,"column":48}},"15":{"start":{"line":31,"column":4},"end":{"line":31,"column":38}},"16":{"start":{"line":33,"column":4},"end":{"line":35,"column":7}},"17":{"start":{"line":34,"column":6},"end":{"line":34,"column":45}},"18":{"start":{"line":37,"column":4},"end":{"line":40,"column":7}},"19":{"start":{"line":38,"column":6},"end":{"line":38,"column":48}},"20":{"start":{"line":39,"column":6},"end":{"line":39,"column":25}},"21":{"start":{"line":42,"column":4},"end":{"line":42,"column":23}},"22":{"start":{"line":44,"column":4},"end":{"line":44,"column":63}},"23":{"start":{"line":45,"column":4},"end":{"line":45,"column":16}},"24":{"start":{"line":15,"column":13},"end":{"line":15,"column":31}},"25":{"start":{"line":52,"column":30},"end":{"line":57,"column":1}},"26":{"start":{"line":53,"column":2},"end":{"line":55,"column":3}},"27":{"start":{"line":54,"column":4},"end":{"line":54,"column":91}},"28":{"start":{"line":56,"column":2},"end":{"line":56,"column":21}},"29":{"start":{"line":52,"column":13},"end":{"line":52,"column":30}},"30":{"start":{"line":61,"column":29},"end":{"line":73,"column":2}},"31":{"start":{"line":61,"column":102},"end":{"line":73,"column":2}},"32":{"start":{"line":62,"column":17},"end":{"line":62,"column":33}},"33":{"start":{"line":63,"column":2},"end":{"line":66,"column":3}},"34":{"start":{"line":64,"column":4},"end":{"line":64,"column":66}},"35":{"start":{"line":65,"column":4},"end":{"line":65,"column":11}},"36":{"start":{"line":67,"column":2},"end":{"line":67,"column":52}},"37":{"start":{"line":68,"column":2},"end":{"line":72,"column":3}},"38":{"start":{"line":69,"column":4},"end":{"line":69,"column":51}},"39":{"start":{"line":71,"column":4},"end":{"line":71,"column":33}},"40":{"start":{"line":61,"column":13},"end":{"line":61,"column":29}},"41":{"start":{"line":75,"column":29},"end":{"line":83,"column":2}},"42":{"start":{"line":75,"column":75},"end":{"line":83,"column":2}},"43":{"start":{"line":76,"column":17},"end":{"line":76,"column":33}},"44":{"start":{"line":77,"column":2},"end":{"line":80,"column":3}},"45":{"start":{"line":78,"column":4},"end":{"line":78,"column":66}},"46":{"start":{"line":79,"column":4},"end":{"line":79,"column":16}},"47":{"start":{"line":81,"column":2},"end":{"line":81,"column":52}},"48":{"start":{"line":82,"column":2},"end":{"line":82,"column":25}},"49":{"start":{"line":75,"column":13},"end":{"line":75,"column":29}}},"fnMap":{"0":{"name":"(anonymous_8)","decl":{"start":{"line":15,"column":31},"end":{"line":15,"column":34}},"loc":{"start":{"line":15,"column":36},"end":{"line":47,"column":1}}},"1":{"name":"(anonymous_9)","decl":{"start":{"line":33,"column":30},"end":{"line":33,"column":33}},"loc":{"start":{"line":33,"column":35},"end":{"line":35,"column":5}}},"2":{"name":"(anonymous_10)","decl":{"start":{"line":37,"column":28},"end":{"line":37,"column":29}},"loc":{"start":{"line":37,"column":36},"end":{"line":40,"column":5}}},"3":{"name":"(anonymous_11)","decl":{"start":{"line":52,"column":30},"end":{"line":52,"column":47}},"loc":{"start":{"line":52,"column":49},"end":{"line":57,"column":1}}},"4":{"name":"(anonymous_12)","decl":{"start":{"line":61,"column":29},"end":{"line":61,"column":36}},"loc":{"start":{"line":61,"column":102},"end":{"line":73,"column":2}}},"5":{"name":"(anonymous_13)","decl":{"start":{"line":61,"column":102},"end":{"line":61,"column":null}},"loc":{"start":{"line":61,"column":102},"end":{"line":73,"column":1}}},"6":{"name":"(anonymous_14)","decl":{"start":{"line":75,"column":29},"end":{"line":75,"column":36}},"loc":{"start":{"line":75,"column":75},"end":{"line":83,"column":2}}},"7":{"name":"(anonymous_15)","decl":{"start":{"line":75,"column":75},"end":{"line":75,"column":null}},"loc":{"start":{"line":75,"column":75},"end":{"line":83,"column":1}}}},"branchMap":{"0":{"loc":{"start":{"line":16,"column":2},"end":{"line":19,"column":3}},"type":"if","locations":[{"start":{"line":16,"column":2},"end":{"line":19,"column":3}}]},"1":{"loc":{"start":{"line":23,"column":2},"end":{"line":27,"column":3}},"type":"if","locations":[{"start":{"line":23,"column":2},"end":{"line":27,"column":3}}]},"2":{"loc":{"start":{"line":53,"column":2},"end":{"line":55,"column":3}},"type":"if","locations":[{"start":{"line":53,"column":2},"end":{"line":55,"column":3}}]},"3":{"loc":{"start":{"line":63,"column":2},"end":{"line":66,"column":3}},"type":"if","locations":[{"start":{"line":63,"column":2},"end":{"line":66,"column":3}}]},"4":{"loc":{"start":{"line":68,"column":2},"end":{"line":72,"column":3}},"type":"if","locations":[{"start":{"line":68,"column":2},"end":{"line":72,"column":3}},{"start":{"line":70,"column":9},"end":{"line":72,"column":3}}]},"5":{"loc":{"start":{"line":77,"column":2},"end":{"line":80,"column":3}},"type":"if","locations":[{"start":{"line":77,"column":2},"end":{"line":80,"column":3}}]}},"s":{"0":1,"1":1,"2":1,"3":1,"4":1,"5":1,"6":1,"7":0,"8":0,"9":1,"10":1,"11":0,"12":0,"13":1,"14":1,"15":1,"16":1,"17":1,"18":1,"19":0,"20":0,"21":1,"22":0,"23":0,"24":1,"25":1,"26":0,"27":0,"28":0,"29":1,"30":1,"31":0,"32":0,"33":0,"34":0,"35":0,"36":0,"37":0,"38":0,"39":0,"40":1,"41":1,"42":0,"43":0,"44":0,"45":0,"46":0,"47":0,"48":0,"49":1},"f":{"0":1,"1":1,"2":0,"3":0,"4":0,"5":0,"6":0,"7":0},"b":{"0":[0],"1":[0],"2":[0],"3":[0],"4":[0,0],"5":[0]}}
,"/Users/kazukis/Workspace/ambi/backend/src/db/connect.ts": {"path":"/Users/kazukis/Workspace/ambi/backend/src/db/connect.ts","statementMap":{"0":{"start":{"line":1,"column":0},"end":{"line":1,"column":32}},"1":{"start":{"line":2,"column":0},"end":{"line":2,"column":28}},"2":{"start":{"line":4,"column":0},"end":{"line":4,"column":16}},"3":{"start":{"line":6,"column":18},"end":{"line":26,"column":2}},"4":{"start":{"line":6,"column":29},"end":{"line":26,"column":2}},"5":{"start":{"line":7,"column":19},"end":{"line":7,"column":42}},"6":{"start":{"line":9,"column":2},"end":{"line":12,"column":3}},"7":{"start":{"line":10,"column":4},"end":{"line":10,"column":85}},"8":{"start":{"line":11,"column":4},"end":{"line":11,"column":20}},"9":{"start":{"line":14,"column":2},"end":{"line":25,"column":3}},"10":{"start":{"line":15,"column":4},"end":{"line":15,"column":37}},"11":{"start":{"line":16,"column":4},"end":{"line":16,"column":40}},"12":{"start":{"line":18,"column":4},"end":{"line":22,"column":5}},"13":{"start":{"line":19,"column":6},"end":{"line":19,"column":62}},"14":{"start":{"line":21,"column":6},"end":{"line":21,"column":75}},"15":{"start":{"line":24,"column":4},"end":{"line":24,"column":20}},"16":{"start":{"line":28,"column":0},"end":{"line":28,"column":25}}},"fnMap":{"0":{"name":"(anonymous_8)","decl":{"start":{"line":6,"column":18},"end":{"line":6,"column":27}},"loc":{"start":{"line":6,"column":29},"end":{"line":26,"column":2}}},"1":{"name":"(anonymous_9)","decl":{"start":{"line":6,"column":29},"end":{"line":6,"column":null}},"loc":{"start":{"line":6,"column":29},"end":{"line":26,"column":1}}}},"branchMap":{"0":{"loc":{"start":{"line":9,"column":2},"end":{"line":12,"column":3}},"type":"if","locations":[{"start":{"line":9,"column":2},"end":{"line":12,"column":3}}]},"1":{"loc":{"start":{"line":18,"column":4},"end":{"line":22,"column":5}},"type":"if","locations":[{"start":{"line":18,"column":4},"end":{"line":22,"column":5}},{"start":{"line":20,"column":11},"end":{"line":22,"column":5}}]}},"s":{"0":1,"1":1,"2":1,"3":1,"4":1,"5":1,"6":1,"7":0,"8":0,"9":1,"10":1,"11":1,"12":0,"13":0,"14":0,"15":0,"16":1},"f":{"0":1,"1":1},"b":{"0":[0],"1":[0,0]}}
,"/Users/kazukis/Workspace/ambi/backend/src/services/memoryService.ts": {"path":"/Users/kazukis/Workspace/ambi/backend/src/services/memoryService.ts","statementMap":{"0":{"start":{"line":1,"column":0},"end":{"line":1,"column":80}},"1":{"start":{"line":5,"column":61},"end":{"line":5,"column":63}},"2":{"start":{"line":7,"column":27},"end":{"line":7,"column":29}},"3":{"start":{"line":15,"column":30},"end":{"line":36,"column":1}},"4":{"start":{"line":20,"column":2},"end":{"line":20,"column":25}},"5":{"start":{"line":20,"column":18},"end":{"line":20,"column":25}},"6":{"start":{"line":22,"column":2},"end":{"line":24,"column":3}},"7":{"start":{"line":23,"column":4},"end":{"line":23,"column":42}},"8":{"start":{"line":26,"column":18},"end":{"line":26,"column":50}},"9":{"start":{"line":27,"column":2},"end":{"line":27,"column":54}},"10":{"start":{"line":28,"column":2},"end":{"line":28,"column":48}},"11":{"start":{"line":31,"column":2},"end":{"line":33,"column":3}},"12":{"start":{"line":32,"column":4},"end":{"line":32,"column":74}},"13":{"start":{"line":35,"column":2},"end":{"line":35,"column":133}},"14":{"start":{"line":15,"column":13},"end":{"line":15,"column":30}},"15":{"start":{"line":43,"column":26},"end":{"line":49,"column":1}},"16":{"start":{"line":44,"column":2},"end":{"line":46,"column":3}},"17":{"start":{"line":45,"column":4},"end":{"line":45,"column":14}},"18":{"start":{"line":47,"column":2},"end":{"line":47,"column":128}},"19":{"start":{"line":48,"column":2},"end":{"line":48,"column":42}},"20":{"start":{"line":43,"column":13},"end":{"line":43,"column":26}},"21":{"start":{"line":55,"column":28},"end":{"line":60,"column":1}},"22":{"start":{"line":56,"column":2},"end":{"line":59,"column":3}},"23":{"start":{"line":57,"column":4},"end":{"line":57,"column":44}},"24":{"start":{"line":58,"column":4},"end":{"line":58,"column":77}},"25":{"start":{"line":55,"column":13},"end":{"line":55,"column":28}}},"fnMap":{"0":{"name":"(anonymous_0)","decl":{"start":{"line":15,"column":30},"end":{"line":15,"column":null}},"loc":{"start":{"line":19,"column":10},"end":{"line":36,"column":1}}},"1":{"name":"(anonymous_1)","decl":{"start":{"line":43,"column":26},"end":{"line":43,"column":27}},"loc":{"start":{"line":43,"column":63},"end":{"line":49,"column":1}}},"2":{"name":"(anonymous_2)","decl":{"start":{"line":55,"column":28},"end":{"line":55,"column":29}},"loc":{"start":{"line":55,"column":56},"end":{"line":60,"column":1}}}},"branchMap":{"0":{"loc":{"start":{"line":20,"column":2},"end":{"line":20,"column":25}},"type":"if","locations":[{"start":{"line":20,"column":2},"end":{"line":20,"column":25}}]},"1":{"loc":{"start":{"line":22,"column":2},"end":{"line":24,"column":3}},"type":"if","locations":[{"start":{"line":22,"column":2},"end":{"line":24,"column":3}}]},"2":{"loc":{"start":{"line":31,"column":2},"end":{"line":33,"column":3}},"type":"if","locations":[{"start":{"line":31,"column":2},"end":{"line":33,"column":3}}]},"3":{"loc":{"start":{"line":44,"column":2},"end":{"line":46,"column":3}},"type":"if","locations":[{"start":{"line":44,"column":2},"end":{"line":46,"column":3}}]},"4":{"loc":{"start":{"line":44,"column":6},"end":{"line":44,"column":53}},"type":"binary-expr","locations":[{"start":{"line":44,"column":6},"end":{"line":44,"column":16}},{"start":{"line":44,"column":20},"end":{"line":44,"column":53}}]},"5":{"loc":{"start":{"line":56,"column":2},"end":{"line":59,"column":3}},"type":"if","locations":[{"start":{"line":56,"column":2},"end":{"line":59,"column":3}}]}},"s":{"0":1,"1":1,"2":1,"3":1,"4":0,"5":0,"6":0,"7":0,"8":0,"9":0,"10":0,"11":0,"12":0,"13":0,"14":1,"15":1,"16":0,"17":0,"18":0,"19":0,"20":1,"21":1,"22":0,"23":0,"24":0,"25":1},"f":{"0":0,"1":0,"2":0},"b":{"0":[0],"1":[0],"2":[0],"3":[0],"4":[0,0],"5":[0]}}
}
