TN:
SF:src/index.ts
FN:37,(anonymous_8)
FN:41,(anonymous_9)
FN:41,(anonymous_10)
FN:76,(anonymous_11)
FNF:4
FNH:2
FNDA:0,(anonymous_8)
FNDA:3,(anonymous_9)
FNDA:3,(anonymous_10)
FNDA:0,(anonymous_11)
DA:1,1
DA:2,1
DA:3,1
DA:4,1
DA:5,1
DA:6,1
DA:7,1
DA:8,1
DA:12,1
DA:15,1
DA:18,1
DA:19,1
DA:21,1
DA:22,1
DA:23,1
DA:37,1
DA:38,0
DA:41,3
DA:42,3
DA:43,3
DA:44,3
DA:45,3
DA:46,3
DA:47,2
DA:61,2
DA:64,2
DA:72,1
DA:75,1
DA:76,0
DA:77,0
DA:81,1
LF:31
LH:28
BRDA:43,0,0,3
BRDA:43,0,1,2
BRDA:44,1,0,3
BRDA:44,1,1,3
BRDA:72,2,0,1
BRDA:72,2,1,0
BRDA:75,3,0,0
BRF:7
BRH:5
end_of_record
TN:
SF:src/clients/claudeClient.ts
FN:21,(anonymous_8)
FN:24,(anonymous_9)
FNF:2
FNH:0
FNDA:0,(anonymous_8)
FNDA:0,(anonymous_9)
DA:1,1
DA:2,1
DA:4,1
DA:6,1
DA:8,1
DA:9,0
DA:14,1
DA:21,1
DA:24,0
DA:25,0
DA:26,0
DA:27,0
DA:30,0
DA:32,0
DA:34,0
DA:36,0
DA:49,0
DA:50,0
DA:51,0
DA:54,0
DA:55,0
DA:58,0
DA:59,0
LF:23
LH:7
BRDA:8,0,0,0
BRDA:14,1,0,1
BRDA:14,1,1,0
BRDA:25,2,0,0
BRDA:50,3,0,0
BRDA:50,4,0,0
BRDA:50,4,1,0
BRDA:50,4,2,0
BRF:8
BRH:1
end_of_record
TN:
SF:src/clients/pineconeClient.ts
FN:12,(anonymous_8)
FN:12,(anonymous_9)
FN:38,(anonymous_10)
FN:38,(anonymous_11)
FN:51,(anonymous_12)
FN:51,(anonymous_13)
FNF:6
FNH:2
FNDA:1,(anonymous_8)
FNDA:1,(anonymous_9)
FNDA:0,(anonymous_10)
FNDA:0,(anonymous_11)
FNDA:0,(anonymous_12)
FNDA:0,(anonymous_13)
DA:2,1
DA:4,1
DA:6,1
DA:12,1
DA:13,1
DA:14,0
DA:15,0
DA:18,1
DA:21,1
DA:22,0
DA:23,0
DA:26,1
DA:32,1
DA:38,1
DA:39,0
DA:40,0
DA:41,0
DA:43,0
DA:45,0
DA:51,1
DA:52,0
DA:53,0
DA:54,0
DA:56,0
DA:58,0
LF:25
LH:11
BRDA:13,0,0,0
BRDA:21,1,0,0
BRDA:39,2,0,0
BRDA:52,3,0,0
BRF:4
BRH:0
end_of_record
TN:
SF:src/clients/redisClient.ts
FN:15,(anonymous_8)
FN:33,(anonymous_9)
FN:37,(anonymous_10)
FN:52,(anonymous_11)
FN:61,(anonymous_12)
FN:61,(anonymous_13)
FN:75,(anonymous_14)
FN:75,(anonymous_15)
FNF:8
FNH:2
FNDA:1,(anonymous_8)
FNDA:1,(anonymous_9)
FNDA:0,(anonymous_10)
FNDA:0,(anonymous_11)
FNDA:0,(anonymous_12)
FNDA:0,(anonymous_13)
FNDA:0,(anonymous_14)
FNDA:0,(anonymous_15)
DA:1,1
DA:2,1
DA:4,1
DA:6,1
DA:9,1
DA:15,1
DA:16,1
DA:17,0
DA:18,0
DA:21,1
DA:23,1
DA:24,0
DA:26,0
DA:29,1
DA:30,1
DA:31,1
DA:33,1
DA:34,1
DA:37,1
DA:38,0
DA:39,0
DA:42,1
DA:44,0
DA:45,0
DA:52,1
DA:53,0
DA:54,0
DA:56,0
DA:61,1
DA:62,0
DA:63,0
DA:64,0
DA:65,0
DA:67,0
DA:68,0
DA:69,0
DA:71,0
DA:75,1
DA:76,0
DA:77,0
DA:78,0
DA:79,0
DA:81,0
DA:82,0
LF:44
LH:19
BRDA:16,0,0,0
BRDA:23,1,0,0
BRDA:53,2,0,0
BRDA:63,3,0,0
BRDA:68,4,0,0
BRDA:68,4,1,0
BRDA:77,5,0,0
BRF:7
BRH:0
end_of_record
TN:
SF:src/db/connect.ts
FN:6,(anonymous_8)
FN:6,(anonymous_9)
FNF:2
FNH:2
FNDA:1,(anonymous_8)
FNDA:1,(anonymous_9)
DA:1,1
DA:2,1
DA:4,1
DA:6,1
DA:7,1
DA:9,1
DA:10,0
DA:11,0
DA:14,1
DA:15,1
DA:16,1
DA:18,0
DA:19,0
DA:21,0
DA:24,0
DA:28,1
LF:16
LH:10
BRDA:9,0,0,0
BRDA:18,1,0,0
BRDA:18,1,1,0
BRF:3
BRH:0
end_of_record
TN:
SF:src/services/memoryService.ts
FN:15,(anonymous_0)
FN:43,(anonymous_1)
FN:55,(anonymous_2)
FNF:3
FNH:0
FNDA:0,(anonymous_0)
FNDA:0,(anonymous_1)
FNDA:0,(anonymous_2)
DA:1,1
DA:5,1
DA:7,1
DA:15,1
DA:20,0
DA:22,0
DA:23,0
DA:26,0
DA:27,0
DA:28,0
DA:31,0
DA:32,0
DA:35,0
DA:43,1
DA:44,0
DA:45,0
DA:47,0
DA:48,0
DA:55,1
DA:56,0
DA:57,0
DA:58,0
LF:22
LH:6
BRDA:20,0,0,0
BRDA:22,1,0,0
BRDA:31,2,0,0
BRDA:44,3,0,0
BRDA:44,4,0,0
BRDA:44,4,1,0
BRDA:56,5,0,0
BRF:7
BRH:0
end_of_record
